# JRE version: OpenJDK Runtime Environment (11.0.10) (build 11.0.10+0-b96-7249189)
# Java VM: OpenJDK 64-Bit Server VM (11.0.10+0-b96-7249189, mixed mode, tiered, compressed oops, g1 gc, windows-amd64)
Heap:
 garbage-first heap   total 481280K, used 134905K [0x0000000080000000, 0x0000000100000000)
  region size 1024K, 13 young (13312K), 13 survivors (13312K)
 Metaspace       used 100158K, capacity 102849K, committed 103116K, reserved 1138688K
  class space    used 12943K, capacity 13941K, committed 14028K, reserved 1048576K
GC Heap History (20 events):
Event: 56.235 GC heap after
{Heap after GC invocations=41 (full 0):
 garbage-first heap   total 284672K, used 118618K [0x0000000080000000, 0x0000000100000000)
  region size 1024K, 8 young (8192K), 8 survivors (8192K)
 Metaspace       used 97735K, capacity 100162K, committed 100428K, reserved 1136640K
  class space    used 12647K, capacity 13550K, committed 13644K, reserved 1048576K
}
Event: 56.743 GC heap before
{Heap before GC invocations=41 (full 0):
 garbage-first heap   total 284672K, used 240474K [0x0000000080000000, 0x0000000100000000)
  region size 1024K, 127 young (130048K), 8 survivors (8192K)
 Metaspace       used 97754K, capacity 100174K, committed 100428K, reserved 1136640K
  class space    used 12649K, capacity 13554K, committed 13644K, reserved 1048576K
}
Event: 56.766 GC heap after
{Heap after GC invocations=42 (full 0):
 garbage-first heap   total 284672K, used 119454K [0x0000000080000000, 0x0000000100000000)
  region size 1024K, 9 young (9216K), 9 survivors (9216K)
 Metaspace       used 97754K, capacity 100174K, committed 100428K, reserved 1136640K
  class space    used 12649K, capacity 13554K, committed 13644K, reserved 1048576K
}
Event: 57.280 GC heap before
{Heap before GC invocations=42 (full 0):
 garbage-first heap   total 284672K, used 242334K [0x0000000080000000, 0x0000000100000000)
  region size 1024K, 129 young (132096K), 9 survivors (9216K)
 Metaspace       used 97784K, capacity 100240K, committed 100428K, reserved 1136640K
  class space    used 12649K, capacity 13554K, committed 13644K, reserved 1048576K
}
Event: 57.303 GC heap after
{Heap after GC invocations=43 (full 0):
 garbage-first heap   total 342016K, used 120721K [0x0000000080000000, 0x0000000100000000)
  region size 1024K, 10 young (10240K), 10 survivors (10240K)
 Metaspace       used 97784K, capacity 100240K, committed 100428K, reserved 1136640K
  class space    used 12649K, capacity 13554K, committed 13644K, reserved 1048576K
}
Event: 58.048 GC heap before
{Heap before GC invocations=43 (full 0):
 garbage-first heap   total 342016K, used 266129K [0x0000000080000000, 0x0000000100000000)
  region size 1024K, 152 young (155648K), 10 survivors (10240K)
 Metaspace       used 98063K, capacity 100521K, committed 100812K, reserved 1136640K
  class space    used 12688K, capacity 13604K, committed 13772K, reserved 1048576K
}
Event: 58.070 GC heap after
{Heap after GC invocations=44 (full 0):
 garbage-first heap   total 342016K, used 122605K [0x0000000080000000, 0x0000000100000000)
  region size 1024K, 11 young (11264K), 11 survivors (11264K)
 Metaspace       used 98063K, capacity 100521K, committed 100812K, reserved 1136640K
  class space    used 12688K, capacity 13604K, committed 13772K, reserved 1048576K
}
Event: 59.297 GC heap before
{Heap before GC invocations=44 (full 0):
 garbage-first heap   total 342016K, used 296685K [0x0000000080000000, 0x0000000100000000)
  region size 1024K, 180 young (184320K), 11 survivors (11264K)
 Metaspace       used 99127K, capacity 101728K, committed 101836K, reserved 1136640K
  class space    used 12815K, capacity 13764K, committed 13772K, reserved 1048576K
}
Event: 59.324 GC heap after
{Heap after GC invocations=45 (full 0):
 garbage-first heap   total 342016K, used 127230K [0x0000000080000000, 0x0000000100000000)
  region size 1024K, 14 young (14336K), 14 survivors (14336K)
 Metaspace       used 99127K, capacity 101728K, committed 101836K, reserved 1136640K
  class space    used 12815K, capacity 13764K, committed 13772K, reserved 1048576K
}
Event: 60.166 GC heap before
{Heap before GC invocations=45 (full 0):
 garbage-first heap   total 342016K, used 292094K [0x0000000080000000, 0x0000000100000000)
  region size 1024K, 175 young (179200K), 14 survivors (14336K)
 Metaspace       used 99379K, capacity 101959K, committed 102220K, reserved 1138688K
  class space    used 12848K, capacity 13810K, committed 13900K, reserved 1048576K
}
Event: 60.193 GC heap after
{Heap after GC invocations=46 (full 0):
 garbage-first heap   total 342016K, used 126280K [0x0000000080000000, 0x0000000100000000)
  region size 1024K, 12 young (12288K), 12 survivors (12288K)
 Metaspace       used 99379K, capacity 101959K, committed 102220K, reserved 1138688K
  class space    used 12848K, capacity 13810K, committed 13900K, reserved 1048576K
}
Event: 60.985 GC heap before
{Heap before GC invocations=46 (full 0):
 garbage-first heap   total 342016K, used 294216K [0x0000000080000000, 0x0000000100000000)
  region size 1024K, 176 young (180224K), 12 survivors (12288K)
 Metaspace       used 99655K, capacity 102293K, committed 102476K, reserved 1138688K
  class space    used 12888K, capacity 13856K, committed 13900K, reserved 1048576K
}
Event: 61.017 GC heap after
{Heap after GC invocations=47 (full 0):
 garbage-first heap   total 410624K, used 128840K [0x0000000080000000, 0x0000000100000000)
  region size 1024K, 15 young (15360K), 15 survivors (15360K)
 Metaspace       used 99655K, capacity 102293K, committed 102476K, reserved 1138688K
  class space    used 12888K, capacity 13856K, committed 13900K, reserved 1048576K
}
Event: 62.063 GC heap before
{Heap before GC invocations=47 (full 0):
 garbage-first heap   total 410624K, used 337736K [0x0000000080000000, 0x0000000100000000)
  region size 1024K, 219 young (224256K), 15 survivors (15360K)
 Metaspace       used 99746K, capacity 102377K, committed 102476K, reserved 1138688K
  class space    used 12889K, capacity 13857K, committed 13900K, reserved 1048576K
}
Event: 62.093 GC heap after
{Heap after GC invocations=48 (full 0):
 garbage-first heap   total 410624K, used 130376K [0x0000000080000000, 0x0000000100000000)
  region size 1024K, 16 young (16384K), 16 survivors (16384K)
 Metaspace       used 99746K, capacity 102377K, committed 102476K, reserved 1138688K
  class space    used 12889K, capacity 13857K, committed 13900K, reserved 1048576K
}
Event: 63.136 GC heap before
{Heap before GC invocations=48 (full 0):
 garbage-first heap   total 410624K, used 351560K [0x0000000080000000, 0x0000000100000000)
  region size 1024K, 232 young (237568K), 16 survivors (16384K)
 Metaspace       used 100034K, capacity 102743K, committed 102860K, reserved 1138688K
  class space    used 12941K, capacity 13938K, committed 14028K, reserved 1048576K
}
Event: 63.178 GC heap after
{Heap after GC invocations=49 (full 0):
 garbage-first heap   total 410624K, used 137342K [0x0000000080000000, 0x0000000100000000)
  region size 1024K, 23 young (23552K), 23 survivors (23552K)
 Metaspace       used 100034K, capacity 102743K, committed 102860K, reserved 1138688K
  class space    used 12941K, capacity 13938K, committed 14028K, reserved 1048576K
}
Event: 64.419 GC heap before
{Heap before GC invocations=49 (full 0):
 garbage-first heap   total 410624K, used 345214K [0x0000000080000000, 0x0000000100000000)
  region size 1024K, 224 young (229376K), 23 survivors (23552K)
 Metaspace       used 100152K, capacity 102843K, committed 103116K, reserved 1138688K
  class space    used 12942K, capacity 13940K, committed 14028K, reserved 1048576K
}
Event: 64.468 GC heap after
{Heap after GC invocations=50 (full 0):
 garbage-first heap   total 410624K, used 133369K [0x0000000080000000, 0x0000000100000000)
  region size 1024K, 12 young (12288K), 12 survivors (12288K)
 Metaspace       used 100152K, capacity 102843K, committed 103116K, reserved 1138688K
  class space    used 12942K, capacity 13940K, committed 14028K, reserved 1048576K
}
Event: 65.687 GC heap before
{Heap before GC invocations=50 (full 0):
 garbage-first heap   total 410624K, used 352505K [0x0000000080000000, 0x0000000100000000)
  region size 1024K, 226 young (231424K), 12 survivors (12288K)
 Metaspace       used 100158K, capacity 102849K, committed 103116K, reserved 1138688K
  class space    used 12943K, capacity 13941K, committed 14028K, reserved 1048576K
}

