# JRE version: OpenJDK Runtime Environment (11.0.10) (build 11.0.10+0-b96-7249189)
# Java VM: OpenJDK 64-Bit Server VM (11.0.10+0-b96-7249189, mixed mode, tiered, compressed oops, g1 gc, windows-amd64)
Heap:
 garbage-first heap   total 236544K, used 142928K [0x0000000080000000, 0x0000000100000000)
  region size 1024K, 11 young (11264K), 6 survivors (6144K)
 Metaspace       used 129687K, capacity 133564K, committed 133752K, reserved 1165312K
  class space    used 16385K, capacity 17793K, committed 17868K, reserved 1048576K
GC Heap History (20 events):
Event: 127.811 GC heap before
{Heap before GC invocations=26 (full 0):
 garbage-first heap   total 236544K, used 216986K [0x0000000080000000, 0x0000000100000000)
  region size 1024K, 82 young (83968K), 8 survivors (8192K)
 Metaspace       used 116894K, capacity 120236K, committed 120312K, reserved 1153024K
  class space    used 14979K, capacity 16179K, committed 16204K, reserved 1048576K
}
Event: 127.825 GC heap after
{Heap after GC invocations=27 (full 0):
 garbage-first heap   total 236544K, used 130207K [0x0000000080000000, 0x0000000100000000)
  region size 1024K, 9 young (9216K), 9 survivors (9216K)
 Metaspace       used 116894K, capacity 120236K, committed 120312K, reserved 1153024K
  class space    used 14979K, capacity 16179K, committed 16204K, reserved 1048576K
}
Event: 127.939 GC heap before
{Heap before GC invocations=27 (full 0):
 garbage-first heap   total 236544K, used 132255K [0x0000000080000000, 0x0000000100000000)
  region size 1024K, 11 young (11264K), 9 survivors (9216K)
 Metaspace       used 116949K, capacity 120239K, committed 120312K, reserved 1153024K
  class space    used 14979K, capacity 16179K, committed 16204K, reserved 1048576K
}
Event: 127.950 GC heap after
{Heap after GC invocations=28 (full 0):
 garbage-first heap   total 236544K, used 130116K [0x0000000080000000, 0x0000000100000000)
  region size 1024K, 1 young (1024K), 1 survivors (1024K)
 Metaspace       used 116949K, capacity 120239K, committed 120312K, reserved 1153024K
  class space    used 14979K, capacity 16179K, committed 16204K, reserved 1048576K
}
Event: 129.695 GC heap before
{Heap before GC invocations=28 (full 0):
 garbage-first heap   total 236544K, used 190532K [0x0000000080000000, 0x0000000100000000)
  region size 1024K, 60 young (61440K), 1 survivors (1024K)
 Metaspace       used 120536K, capacity 123992K, committed 124152K, reserved 1157120K
  class space    used 15430K, capacity 16664K, committed 16716K, reserved 1048576K
}
Event: 129.713 GC heap after
{Heap after GC invocations=29 (full 0):
 garbage-first heap   total 236544K, used 133916K [0x0000000080000000, 0x0000000100000000)
  region size 1024K, 5 young (5120K), 5 survivors (5120K)
 Metaspace       used 120536K, capacity 123992K, committed 124152K, reserved 1157120K
  class space    used 15430K, capacity 16664K, committed 16716K, reserved 1048576K
}
Event: 131.339 GC heap before
{Heap before GC invocations=30 (full 0):
 garbage-first heap   total 236544K, used 191260K [0x0000000080000000, 0x0000000100000000)
  region size 1024K, 62 young (63488K), 5 survivors (5120K)
 Metaspace       used 125442K, capacity 128961K, committed 129144K, reserved 1161216K
  class space    used 15961K, capacity 17251K, committed 17356K, reserved 1048576K
}
Event: 131.361 GC heap after
{Heap after GC invocations=31 (full 0):
 garbage-first heap   total 236544K, used 135415K [0x0000000080000000, 0x0000000100000000)
  region size 1024K, 4 young (4096K), 4 survivors (4096K)
 Metaspace       used 125442K, capacity 128961K, committed 129144K, reserved 1161216K
  class space    used 15961K, capacity 17251K, committed 17356K, reserved 1048576K
}
Event: 131.898 GC heap before
{Heap before GC invocations=31 (full 0):
 garbage-first heap   total 236544K, used 141559K [0x0000000080000000, 0x0000000100000000)
  region size 1024K, 11 young (11264K), 4 survivors (4096K)
 Metaspace       used 126393K, capacity 129889K, committed 130040K, reserved 1161216K
  class space    used 16048K, capacity 17347K, committed 17484K, reserved 1048576K
}
Event: 131.923 GC heap after
{Heap after GC invocations=32 (full 0):
 garbage-first heap   total 236544K, used 122981K [0x0000000080000000, 0x0000000100000000)
  region size 1024K, 1 young (1024K), 1 survivors (1024K)
 Metaspace       used 126393K, capacity 129889K, committed 130040K, reserved 1161216K
  class space    used 16048K, capacity 17347K, committed 17484K, reserved 1048576K
}
Event: 133.365 GC heap before
{Heap before GC invocations=32 (full 0):
 garbage-first heap   total 236544K, used 187493K [0x0000000080000000, 0x0000000100000000)
  region size 1024K, 65 young (66560K), 1 survivors (1024K)
 Metaspace       used 127707K, capacity 131300K, committed 131448K, reserved 1163264K
  class space    used 16215K, capacity 17572K, committed 17612K, reserved 1048576K
}
Event: 133.376 GC heap after
{Heap after GC invocations=33 (full 0):
 garbage-first heap   total 236544K, used 126802K [0x0000000080000000, 0x0000000100000000)
  region size 1024K, 5 young (5120K), 5 survivors (5120K)
 Metaspace       used 127707K, capacity 131300K, committed 131448K, reserved 1163264K
  class space    used 16215K, capacity 17572K, committed 17612K, reserved 1048576K
}
Event: 148.516 GC heap before
{Heap before GC invocations=34 (full 0):
 garbage-first heap   total 236544K, used 191314K [0x0000000080000000, 0x0000000100000000)
  region size 1024K, 68 young (69632K), 5 survivors (5120K)
 Metaspace       used 128996K, capacity 132722K, committed 132856K, reserved 1165312K
  class space    used 16352K, capacity 17734K, committed 17740K, reserved 1048576K
}
Event: 148.539 GC heap after
{Heap after GC invocations=35 (full 0):
 garbage-first heap   total 236544K, used 132876K [0x0000000080000000, 0x0000000100000000)
  region size 1024K, 9 young (9216K), 9 survivors (9216K)
 Metaspace       used 128996K, capacity 132722K, committed 132856K, reserved 1165312K
  class space    used 16352K, capacity 17734K, committed 17740K, reserved 1048576K
}
Event: 148.575 GC heap before
{Heap before GC invocations=35 (full 0):
 garbage-first heap   total 236544K, used 134924K [0x0000000080000000, 0x0000000100000000)
  region size 1024K, 11 young (11264K), 9 survivors (9216K)
 Metaspace       used 129002K, capacity 132722K, committed 132856K, reserved 1165312K
  class space    used 16352K, capacity 17734K, committed 17740K, reserved 1048576K
}
Event: 148.597 GC heap after
{Heap after GC invocations=36 (full 0):
 garbage-first heap   total 236544K, used 133062K [0x0000000080000000, 0x0000000100000000)
  region size 1024K, 1 young (1024K), 1 survivors (1024K)
 Metaspace       used 129002K, capacity 132722K, committed 132856K, reserved 1165312K
  class space    used 16352K, capacity 17734K, committed 17740K, reserved 1048576K
}
Event: 161.227 GC heap before
{Heap before GC invocations=36 (full 0):
 garbage-first heap   total 236544K, used 193478K [0x0000000080000000, 0x0000000100000000)
  region size 1024K, 61 young (62464K), 1 survivors (1024K)
 Metaspace       used 129370K, capacity 133174K, committed 133496K, reserved 1165312K
  class space    used 16368K, capacity 17763K, committed 17868K, reserved 1048576K
}
Event: 161.251 GC heap after
{Heap after GC invocations=37 (full 0):
 garbage-first heap   total 236544K, used 138619K [0x0000000080000000, 0x0000000100000000)
  region size 1024K, 7 young (7168K), 7 survivors (7168K)
 Metaspace       used 129370K, capacity 133174K, committed 133496K, reserved 1165312K
  class space    used 16368K, capacity 17763K, committed 17868K, reserved 1048576K
}
Event: 167.135 GC heap before
{Heap before GC invocations=38 (full 0):
 garbage-first heap   total 236544K, used 193915K [0x0000000080000000, 0x0000000100000000)
  region size 1024K, 62 young (63488K), 7 survivors (7168K)
 Metaspace       used 129636K, capacity 133478K, committed 133752K, reserved 1165312K
  class space    used 16381K, capacity 17788K, committed 17868K, reserved 1048576K
}
Event: 167.154 GC heap after
{Heap after GC invocations=39 (full 0):
 garbage-first heap   total 236544K, used 139856K [0x0000000080000000, 0x0000000100000000)
  region size 1024K, 6 young (6144K), 6 survivors (6144K)
 Metaspace       used 129636K, capacity 133478K, committed 133752K, reserved 1165312K
  class space    used 16381K, capacity 17788K, committed 17868K, reserved 1048576K
}

